<?xml version="1.0" encoding="UTF-8"?>
<!-- Generated by org.testng.reporters.JUnitXMLReporter -->
<testsuite hostname="DESKTOP-TBB3A0B" ignored="0" name="Default test" tests="5" failures="0" timestamp="2020-07-20T01:04:27 CEST" time="16.007" errors="0">
  <testcase name="ClickHideButton" time="0.079" classname="test.AminaPezTest"/>
  <testcase name="IsCheckboxDisabled" time="0.031" classname="test.AminaPezTest"/>
  <testcase name="GetAllCheckbox" time="0.024" classname="test.AminaPezTest"/>
  <testcase name="RadioButtonSelected" time="0.071" classname="test.AminaPezTest"/>
  <testcase name="ClickPromptboxButton" time="0.199" classname="test.AminaPezTest"/>
</testsuite> <!-- Default test -->
